app/build/intermediates/manifest_merge_blame_file/debug/manifest-merger-blame-debug-report.txt
1<?xml version="1.0" encoding="utf-8"?>
2<manifest xmlns:android="http://schemas.android.com/apk/res/android"
3    package="com.dacodes.demo"
4    android:versionCode="1"
5    android:versionName="1.0" >
6
7    <uses-sdk
8        android:minSdkVersion="21"
8-->src\main\AndroidManifest.xml
9        android:targetSdkVersion="32" />
9-->src\main\AndroidManifest.xml
10
11    <uses-permission android:name="android.permission.ACCESS_NETWORK_STATE" />
11-->src\main\AndroidManifest.xml:5:5-79
11-->src\main\AndroidManifest.xml:5:22-76
12    <uses-permission android:name="android.permission.INTERNET" />
12-->src\main\AndroidManifest.xml:6:5-67
12-->src\main\AndroidManifest.xml:6:22-64
13    <uses-permission android:name="android.permission.WAKE_LOCK" />
13-->[androidx.work:work-runtime:2.2.0] AndroidManifest.xml:25:5-68
13-->[androidx.work:work-runtime:2.2.0] AndroidManifest.xml:25:22-65
14    <uses-permission android:name="android.permission.RECEIVE_BOOT_COMPLETED" />
14-->[androidx.work:work-runtime:2.2.0] AndroidManifest.xml:27:5-81
14-->[androidx.work:work-runtime:2.2.0] AndroidManifest.xml:27:22-78
15    <uses-permission android:name="android.permission.REORDER_TASKS" /> <!-- Permission will be merged into the manifest of the hosting app. -->
15-->[androidx.test:core:1.4.0] AndroidManifest.xml:24:5-72
15-->[androidx.test:core:1.4.0] AndroidManifest.xml:24:22-69
16    <!-- Is required to launch foreground extraction service for targetSdkVersion 28+. -->
17    <uses-permission android:name="android.permission.FOREGROUND_SERVICE" />
17-->[com.google.android.play:core:1.8.0] AndroidManifest.xml:8:3-74
17-->[com.google.android.play:core:1.8.0] AndroidManifest.xml:8:20-72
18
19    <application
19-->src\main\AndroidManifest.xml:8:5-29:19
20        android:allowBackup="true"
20-->src\main\AndroidManifest.xml:9:9-35
21        android:appComponentFactory="androidx.core.app.CoreComponentFactory"
21-->[androidx.core:core:1.7.0] AndroidManifest.xml:24:18-86
22        android:debuggable="true"
23        android:icon="@mipmap/ic_launcher"
23-->src\main\AndroidManifest.xml:10:9-43
24        android:label="@string/app_name"
24-->src\main\AndroidManifest.xml:11:9-41
25        android:roundIcon="@mipmap/ic_launcher_round"
25-->src\main\AndroidManifest.xml:12:9-54
26        android:supportsRtl="true"
26-->src\main\AndroidManifest.xml:13:9-35
27        android:testOnly="true"
28        android:theme="@style/Theme.Demo" >
28-->src\main\AndroidManifest.xml:14:9-42
29        <activity
29-->src\main\AndroidManifest.xml:15:9-23:20
30            android:name="com.daCodes.demo.splash.SplashFragment"
30-->src\main\AndroidManifest.xml:16:13-66
31            android:exported="true" >
31-->src\main\AndroidManifest.xml:17:13-36
32            <intent-filter>
32-->src\main\AndroidManifest.xml:18:13-22:29
33                <action android:name="android.intent.action.MAIN" />
33-->src\main\AndroidManifest.xml:19:17-69
33-->src\main\AndroidManifest.xml:19:25-66
34
35                <category android:name="android.intent.category.LAUNCHER" />
35-->src\main\AndroidManifest.xml:21:17-77
35-->src\main\AndroidManifest.xml:21:27-74
36            </intent-filter>
37        </activity>
38        <activity
38-->src\main\AndroidManifest.xml:25:9-28:39
39            android:name="com.daCodes.demo.main.MainActivity"
39-->src\main\AndroidManifest.xml:27:13-62
40            android:exported="true"
40-->src\main\AndroidManifest.xml:28:13-36
41            android:permission="com.daCodes.app.PERMISSION" />
41-->src\main\AndroidManifest.xml:26:13-60
42
43        <provider
43-->[com.squareup.picasso:picasso:2.71828] AndroidManifest.xml:8:9-11:40
44            android:name="com.squareup.picasso.PicassoProvider"
44-->[com.squareup.picasso:picasso:2.71828] AndroidManifest.xml:9:13-64
45            android:authorities="com.dacodes.demo.com.squareup.picasso"
45-->[com.squareup.picasso:picasso:2.71828] AndroidManifest.xml:10:13-72
46            android:exported="false" />
46-->[com.squareup.picasso:picasso:2.71828] AndroidManifest.xml:11:13-37
47        <provider
47-->[androidx.work:work-runtime:2.2.0] AndroidManifest.xml:30:9-36:35
48            android:name="androidx.work.impl.WorkManagerInitializer"
48-->[androidx.work:work-runtime:2.2.0] AndroidManifest.xml:31:13-69
49            android:authorities="com.dacodes.demo.workmanager-init"
49-->[androidx.work:work-runtime:2.2.0] AndroidManifest.xml:32:13-68
50            android:directBootAware="false"
50-->[androidx.work:work-runtime:2.2.0] AndroidManifest.xml:33:13-44
51            android:exported="false"
51-->[androidx.work:work-runtime:2.2.0] AndroidManifest.xml:34:13-37
52            android:multiprocess="true" />
52-->[androidx.work:work-runtime:2.2.0] AndroidManifest.xml:35:13-40
53
54        <service
54-->[androidx.work:work-runtime:2.2.0] AndroidManifest.xml:38:9-43:35
55            android:name="androidx.work.impl.background.systemalarm.SystemAlarmService"
55-->[androidx.work:work-runtime:2.2.0] AndroidManifest.xml:39:13-88
56            android:directBootAware="false"
56-->[androidx.work:work-runtime:2.2.0] AndroidManifest.xml:40:13-44
57            android:enabled="@bool/enable_system_alarm_service_default"
57-->[androidx.work:work-runtime:2.2.0] AndroidManifest.xml:41:13-72
58            android:exported="false" />
58-->[androidx.work:work-runtime:2.2.0] AndroidManifest.xml:42:13-37
59        <service
59-->[androidx.work:work-runtime:2.2.0] AndroidManifest.xml:44:9-50:35
60            android:name="androidx.work.impl.background.systemjob.SystemJobService"
60-->[androidx.work:work-runtime:2.2.0] AndroidManifest.xml:45:13-84
61            android:directBootAware="false"
61-->[androidx.work:work-runtime:2.2.0] AndroidManifest.xml:46:13-44
62            android:enabled="@bool/enable_system_job_service_default"
62-->[androidx.work:work-runtime:2.2.0] AndroidManifest.xml:47:13-70
63            android:exported="true"
63-->[androidx.work:work-runtime:2.2.0] AndroidManifest.xml:48:13-36
64            android:permission="android.permission.BIND_JOB_SERVICE" />
64-->[androidx.work:work-runtime:2.2.0] AndroidManifest.xml:49:13-69
65
66        <receiver
66-->[androidx.work:work-runtime:2.2.0] AndroidManifest.xml:52:9-57:35
67            android:name="androidx.work.impl.utils.ForceStopRunnable$BroadcastReceiver"
67-->[androidx.work:work-runtime:2.2.0] AndroidManifest.xml:53:13-88
68            android:directBootAware="false"
68-->[androidx.work:work-runtime:2.2.0] AndroidManifest.xml:54:13-44
69            android:enabled="true"
69-->[androidx.work:work-runtime:2.2.0] AndroidManifest.xml:55:13-35
70            android:exported="false" />
70-->[androidx.work:work-runtime:2.2.0] AndroidManifest.xml:56:13-37
71        <receiver
71-->[androidx.work:work-runtime:2.2.0] AndroidManifest.xml:58:9-68:20
72            android:name="androidx.work.impl.background.systemalarm.ConstraintProxy$BatteryChargingProxy"
72-->[androidx.work:work-runtime:2.2.0] AndroidManifest.xml:59:13-106
73            android:directBootAware="false"
73-->[androidx.work:work-runtime:2.2.0] AndroidManifest.xml:60:13-44
74            android:enabled="false"
74-->[androidx.work:work-runtime:2.2.0] AndroidManifest.xml:61:13-36
75            android:exported="false" >
75-->[androidx.work:work-runtime:2.2.0] AndroidManifest.xml:62:13-37
76            <intent-filter>
76-->[androidx.work:work-runtime:2.2.0] AndroidManifest.xml:64:13-67:29
77                <action android:name="android.intent.action.ACTION_POWER_CONNECTED" />
77-->[androidx.work:work-runtime:2.2.0] AndroidManifest.xml:65:17-87
77-->[androidx.work:work-runtime:2.2.0] AndroidManifest.xml:65:25-84
78                <action android:name="android.intent.action.ACTION_POWER_DISCONNECTED" />
78-->[androidx.work:work-runtime:2.2.0] AndroidManifest.xml:66:17-90
78-->[androidx.work:work-runtime:2.2.0] AndroidManifest.xml:66:25-87
79            </intent-filter>
80        </receiver>
81        <receiver
81-->[androidx.work:work-runtime:2.2.0] AndroidManifest.xml:69:9-79:20
82            android:name="androidx.work.impl.background.systemalarm.ConstraintProxy$BatteryNotLowProxy"
82-->[androidx.work:work-runtime:2.2.0] AndroidManifest.xml:70:13-104
83            android:directBootAware="false"
83-->[androidx.work:work-runtime:2.2.0] AndroidManifest.xml:71:13-44
84            android:enabled="false"
84-->[androidx.work:work-runtime:2.2.0] AndroidManifest.xml:72:13-36
85            android:exported="false" >
85-->[androidx.work:work-runtime:2.2.0] AndroidManifest.xml:73:13-37
86            <intent-filter>
86-->[androidx.work:work-runtime:2.2.0] AndroidManifest.xml:75:13-78:29
87                <action android:name="android.intent.action.BATTERY_OKAY" />
87-->[androidx.work:work-runtime:2.2.0] AndroidManifest.xml:76:17-77
87-->[androidx.work:work-runtime:2.2.0] AndroidManifest.xml:76:25-74
88                <action android:name="android.intent.action.BATTERY_LOW" />
88-->[androidx.work:work-runtime:2.2.0] AndroidManifest.xml:77:17-76
88-->[androidx.work:work-runtime:2.2.0] AndroidManifest.xml:77:25-73
89            </intent-filter>
90        </receiver>
91        <receiver
91-->[androidx.work:work-runtime:2.2.0] AndroidManifest.xml:80:9-90:20
92            android:name="androidx.work.impl.background.systemalarm.ConstraintProxy$StorageNotLowProxy"
92-->[androidx.work:work-runtime:2.2.0] AndroidManifest.xml:81:13-104
93            android:directBootAware="false"
93-->[androidx.work:work-runtime:2.2.0] AndroidManifest.xml:82:13-44
94            android:enabled="false"
94-->[androidx.work:work-runtime:2.2.0] AndroidManifest.xml:83:13-36
95            android:exported="false" >
95-->[androidx.work:work-runtime:2.2.0] AndroidManifest.xml:84:13-37
96            <intent-filter>
96-->[androidx.work:work-runtime:2.2.0] AndroidManifest.xml:86:13-89:29
97                <action android:name="android.intent.action.DEVICE_STORAGE_LOW" />
97-->[androidx.work:work-runtime:2.2.0] AndroidManifest.xml:87:17-83
97-->[androidx.work:work-runtime:2.2.0] AndroidManifest.xml:87:25-80
98                <action android:name="android.intent.action.DEVICE_STORAGE_OK" />
98-->[androidx.work:work-runtime:2.2.0] AndroidManifest.xml:88:17-82
98-->[androidx.work:work-runtime:2.2.0] AndroidManifest.xml:88:25-79
99            </intent-filter>
100        </receiver>
101        <receiver
101-->[androidx.work:work-runtime:2.2.0] AndroidManifest.xml:91:9-100:20
102            android:name="androidx.work.impl.background.systemalarm.ConstraintProxy$NetworkStateProxy"
102-->[androidx.work:work-runtime:2.2.0] AndroidManifest.xml:92:13-103
103            android:directBootAware="false"
103-->[androidx.work:work-runtime:2.2.0] AndroidManifest.xml:93:13-44
104            android:enabled="false"
104-->[androidx.work:work-runtime:2.2.0] AndroidManifest.xml:94:13-36
105            android:exported="false" >
105-->[androidx.work:work-runtime:2.2.0] AndroidManifest.xml:95:13-37
106            <intent-filter>
106-->[androidx.work:work-runtime:2.2.0] AndroidManifest.xml:97:13-99:29
107                <action android:name="android.net.conn.CONNECTIVITY_CHANGE" />
107-->[androidx.work:work-runtime:2.2.0] AndroidManifest.xml:98:17-79
107-->[androidx.work:work-runtime:2.2.0] AndroidManifest.xml:98:25-76
108            </intent-filter>
109        </receiver>
110        <receiver
110-->[androidx.work:work-runtime:2.2.0] AndroidManifest.xml:101:9-112:20
111            android:name="androidx.work.impl.background.systemalarm.RescheduleReceiver"
111-->[androidx.work:work-runtime:2.2.0] AndroidManifest.xml:102:13-88
112            android:directBootAware="false"
112-->[androidx.work:work-runtime:2.2.0] AndroidManifest.xml:103:13-44
113            android:enabled="false"
113-->[androidx.work:work-runtime:2.2.0] AndroidManifest.xml:104:13-36
114            android:exported="false" >
114-->[androidx.work:work-runtime:2.2.0] AndroidManifest.xml:105:13-37
115            <intent-filter>
115-->[androidx.work:work-runtime:2.2.0] AndroidManifest.xml:107:13-111:29
116                <action android:name="android.intent.action.BOOT_COMPLETED" />
116-->[androidx.work:work-runtime:2.2.0] AndroidManifest.xml:108:17-79
116-->[androidx.work:work-runtime:2.2.0] AndroidManifest.xml:108:25-76
117                <action android:name="android.intent.action.TIME_SET" />
117-->[androidx.work:work-runtime:2.2.0] AndroidManifest.xml:109:17-73
117-->[androidx.work:work-runtime:2.2.0] AndroidManifest.xml:109:25-70
118                <action android:name="android.intent.action.TIMEZONE_CHANGED" />
118-->[androidx.work:work-runtime:2.2.0] AndroidManifest.xml:110:17-81
118-->[androidx.work:work-runtime:2.2.0] AndroidManifest.xml:110:25-78
119            </intent-filter>
120        </receiver>
121        <receiver
121-->[androidx.work:work-runtime:2.2.0] AndroidManifest.xml:113:9-122:20
122            android:name="androidx.work.impl.background.systemalarm.ConstraintProxyUpdateReceiver"
122-->[androidx.work:work-runtime:2.2.0] AndroidManifest.xml:114:13-99
123            android:directBootAware="false"
123-->[androidx.work:work-runtime:2.2.0] AndroidManifest.xml:115:13-44
124            android:enabled="@bool/enable_system_alarm_service_default"
124-->[androidx.work:work-runtime:2.2.0] AndroidManifest.xml:116:13-72
125            android:exported="false" >
125-->[androidx.work:work-runtime:2.2.0] AndroidManifest.xml:117:13-37
126            <intent-filter>
126-->[androidx.work:work-runtime:2.2.0] AndroidManifest.xml:119:13-121:29
127                <action android:name="androidx.work.impl.background.systemalarm.UpdateProxies" />
127-->[androidx.work:work-runtime:2.2.0] AndroidManifest.xml:120:17-98
127-->[androidx.work:work-runtime:2.2.0] AndroidManifest.xml:120:25-95
128            </intent-filter>
129        </receiver>
130
131        <service
131-->[androidx.room:room-runtime:2.1.0] AndroidManifest.xml:25:9-27:40
132            android:name="androidx.room.MultiInstanceInvalidationService"
132-->[androidx.room:room-runtime:2.1.0] AndroidManifest.xml:26:13-74
133            android:exported="false" />
133-->[androidx.room:room-runtime:2.1.0] AndroidManifest.xml:27:13-37
134
135        <provider
135-->[androidx.emoji2:emoji2:1.0.0] AndroidManifest.xml:26:9-34:20
136            android:name="androidx.startup.InitializationProvider"
136-->[androidx.emoji2:emoji2:1.0.0] AndroidManifest.xml:27:13-67
137            android:authorities="com.dacodes.demo.androidx-startup"
137-->[androidx.emoji2:emoji2:1.0.0] AndroidManifest.xml:28:13-68
138            android:exported="false" >
138-->[androidx.emoji2:emoji2:1.0.0] AndroidManifest.xml:29:13-37
139            <meta-data
139-->[androidx.emoji2:emoji2:1.0.0] AndroidManifest.xml:31:13-33:52
140                android:name="androidx.emoji2.text.EmojiCompatInitializer"
140-->[androidx.emoji2:emoji2:1.0.0] AndroidManifest.xml:32:17-75
141                android:value="androidx.startup" />
141-->[androidx.emoji2:emoji2:1.0.0] AndroidManifest.xml:33:17-49
142            <meta-data
142-->[androidx.lifecycle:lifecycle-process:2.4.0] AndroidManifest.xml:31:13-33:52
143                android:name="androidx.lifecycle.ProcessLifecycleInitializer"
143-->[androidx.lifecycle:lifecycle-process:2.4.0] AndroidManifest.xml:32:17-78
144                android:value="androidx.startup" />
144-->[androidx.lifecycle:lifecycle-process:2.4.0] AndroidManifest.xml:33:17-49
145        </provider>
146
147        <activity
147-->[androidx.test:core:1.4.0] AndroidManifest.xml:27:9-34:20
148            android:name="androidx.test.core.app.InstrumentationActivityInvoker$BootstrapActivity"
148-->[androidx.test:core:1.4.0] AndroidManifest.xml:28:13-99
149            android:exported="true"
149-->[androidx.test:core:1.4.0] AndroidManifest.xml:29:13-36
150            android:theme="@android:style/Theme" >
150-->[androidx.test:core:1.4.0] AndroidManifest.xml:30:13-49
151            <intent-filter>
151-->[androidx.test:core:1.4.0] AndroidManifest.xml:31:13-33:29
152                <action android:name="android.intent.action.MAIN" />
152-->src\main\AndroidManifest.xml:19:17-69
152-->src\main\AndroidManifest.xml:19:25-66
153            </intent-filter>
154        </activity>
155        <activity
155-->[androidx.test:core:1.4.0] AndroidManifest.xml:35:9-42:20
156            android:name="androidx.test.core.app.InstrumentationActivityInvoker$EmptyActivity"
156-->[androidx.test:core:1.4.0] AndroidManifest.xml:36:13-95
157            android:exported="true"
157-->[androidx.test:core:1.4.0] AndroidManifest.xml:37:13-36
158            android:theme="@android:style/Theme" >
158-->[androidx.test:core:1.4.0] AndroidManifest.xml:38:13-49
159            <intent-filter>
159-->[androidx.test:core:1.4.0] AndroidManifest.xml:31:13-33:29
160                <action android:name="android.intent.action.MAIN" />
160-->src\main\AndroidManifest.xml:19:17-69
160-->src\main\AndroidManifest.xml:19:25-66
161            </intent-filter>
162        </activity>
163        <activity
163-->[androidx.test:core:1.4.0] AndroidManifest.xml:43:9-50:20
164            android:name="androidx.test.core.app.InstrumentationActivityInvoker$EmptyFloatingActivity"
164-->[androidx.test:core:1.4.0] AndroidManifest.xml:44:13-103
165            android:exported="true"
165-->[androidx.test:core:1.4.0] AndroidManifest.xml:45:13-36
166            android:theme="@android:style/Theme.Dialog" >
166-->[androidx.test:core:1.4.0] AndroidManifest.xml:46:13-56
167            <intent-filter>
167-->[androidx.test:core:1.4.0] AndroidManifest.xml:31:13-33:29
168                <action android:name="android.intent.action.MAIN" />
168-->src\main\AndroidManifest.xml:19:17-69
168-->src\main\AndroidManifest.xml:19:25-66
169            </intent-filter>
170        </activity> <!-- The activities will be merged into the manifest of the hosting app. -->
171        <activity
171-->[com.google.android.play:core:1.8.0] AndroidManifest.xml:12:5-271
172            android:name="com.google.android.play.core.missingsplits.PlayCoreMissingSplitsActivity"
172-->[com.google.android.play:core:1.8.0] AndroidManifest.xml:12:15-102
173            android:enabled="false"
173-->[com.google.android.play:core:1.8.0] AndroidManifest.xml:12:103-126
174            android:exported="false"
174-->[com.google.android.play:core:1.8.0] AndroidManifest.xml:12:127-151
175            android:launchMode="singleInstance"
175-->[com.google.android.play:core:1.8.0] AndroidManifest.xml:12:204-239
176            android:process=":playcore_missing_splits_activity"
176-->[com.google.android.play:core:1.8.0] AndroidManifest.xml:12:152-203
177            android:stateNotNeeded="true" />
177-->[com.google.android.play:core:1.8.0] AndroidManifest.xml:12:240-269
178        <activity
178-->[com.google.android.play:core:1.8.0] AndroidManifest.xml:13:5-226
179            android:name="com.google.android.play.core.common.PlayCoreDialogWrapperActivity"
179-->[com.google.android.play:core:1.8.0] AndroidManifest.xml:13:15-95
180            android:enabled="false"
180-->[com.google.android.play:core:1.8.0] AndroidManifest.xml:13:96-119
181            android:exported="false"
181-->[com.google.android.play:core:1.8.0] AndroidManifest.xml:13:120-144
182            android:stateNotNeeded="true"
182-->[com.google.android.play:core:1.8.0] AndroidManifest.xml:13:145-174
183            android:theme="@style/Theme.PlayCore.Transparent" /> <!-- The service will be merged into the manifest of the hosting app. -->
183-->[com.google.android.play:core:1.8.0] AndroidManifest.xml:13:175-224
184        <service
184-->[com.google.android.play:core:1.8.0] AndroidManifest.xml:16:5-145
185            android:name="com.google.android.play.core.assetpacks.AssetPackExtractionService"
185-->[com.google.android.play:core:1.8.0] AndroidManifest.xml:16:14-95
186            android:enabled="false"
186-->[com.google.android.play:core:1.8.0] AndroidManifest.xml:16:96-119
187            android:exported="true" />
187-->[com.google.android.play:core:1.8.0] AndroidManifest.xml:16:120-143
188    </application>
189
190</manifest>